Added Component: Designator=R24(0603R)
Add component. Clean all parameters for all variants
Added Component: Designator=R25(0603R)
Add component. Clean all parameters for all variants
Added Component: Designator=R26(0603R)
Add component. Clean all parameters for all variants
Added Component: Designator=R27(0603R)
Add component. Clean all parameters for all variants
Added Component: Designator=U11(XH2.54-4)
Add component. Clean all parameters for all variants
Added Pin To Net: NetName=5V Pin=R26-2
Added Pin To Net: NetName=5V Pin=R27-2
Added Pin To Net: NetName=5V Pin=U11-1
Added Pin To Net: NetName=GND Pin=U11-2
Added Pin To Net: NetName=NetR24_1 Pin=R24-1
Added Pin To Net: NetName=NetR24_1 Pin=U4-46
Added Net: Name=NetR24_1
Added Pin To Net: NetName=NetR25_1 Pin=R25-1
Added Pin To Net: NetName=NetR25_1 Pin=U4-45
Added Net: Name=NetR25_1
Added Pin To Net: NetName=SCL Pin=R25-2
Added Pin To Net: NetName=SCL Pin=R27-1
Added Pin To Net: NetName=SCL Pin=U11-3
Added Net: Name=SCL
Added Pin To Net: NetName=SDA Pin=R24-2
Added Pin To Net: NetName=SDA Pin=R26-1
Added Pin To Net: NetName=SDA Pin=U11-4
Added Net: Name=SDA
Added Member To Class: ClassName=Slave_V1 Member=Component R24 0603_100R
Added Member To Class: ClassName=Slave_V1 Member=Component R25 0603_100R
Added Member To Class: ClassName=Slave_V1 Member=Component R26 2.7K
Added Member To Class: ClassName=Slave_V1 Member=Component R27 2.7K
Added Member To Class: ClassName=Slave_V1 Member=Component U11 IIC
