Added Component: Designator=C15(0603C)
Add component. Clean all parameters for all variants
Added Component: Designator=R19(0603R)
Add component. Clean all parameters for all variants
Added Component: Designator=R20(0603R)
Add component. Clean all parameters for all variants
Added Component: Designator=R21(0603R)
Add component. Clean all parameters for all variants
Added Component: Designator=R22(0603R)
Add component. Clean all parameters for all variants
Added Component: Designator=R23(0603R)
Add component. Clean all parameters for all variants
Added Pin To Net: NetName=3V3 Pin=C15-1
Added Pin To Net: NetName=GND Pin=C15-2
Added Pin To Net: NetName=BEEP Pin=R19-1
Added Pin To Net: NetName=NetQ1_2 Pin=R19-2
Added Pin To Net: NetName=NetQ1_2 Pin=R20-1
Added Pin To Net: NetName=GND Pin=R20-2
Added Pin To Net: NetName=NetDS2_2 Pin=R21-1
Added Pin To Net: NetName=LED0 Pin=R21-2
Added Pin To Net: NetName=NetDS3_2 Pin=R22-1
Added Pin To Net: NetName=LED1 Pin=R22-2
Added Pin To Net: NetName=NetDS4_2 Pin=R23-1
Added Pin To Net: NetName=LED2 Pin=R23-2
Added Member To Class: ClassName=Slave_V1 Member=Component C15 106
Added Member To Class: ClassName=Slave_V1 Member=Component R19 1K
Added Member To Class: ClassName=Slave_V1 Member=Component R20 10K
Added Member To Class: ClassName=Slave_V1 Member=Component R21 470R
Added Member To Class: ClassName=Slave_V1 Member=Component R22 470R
Added Member To Class: ClassName=Slave_V1 Member=Component R23 470R
