Added Component: Designator=C1(0603P)
Add component. Clean all parameters for all variants
Added Component: Designator=C2(0603P)
Add component. Clean all parameters for all variants
Added Component: Designator=C3(0603P)
Add component. Clean all parameters for all variants
Added Component: Designator=C4(0603P)
Add component. Clean all parameters for all variants
Added Component: Designator=C5(0603P)
Add component. Clean all parameters for all variants
Added Component: Designator=C6(0603P)
Add component. Clean all parameters for all variants
Added Component: Designator=C7(0603P)
Add component. Clean all parameters for all variants
Added Component: Designator=C8(0603P)
Add component. Clean all parameters for all variants
Added Component: Designator=C9(0603P)
Add component. Clean all parameters for all variants
Added Component: Designator=C10(0603P)
Add component. Clean all parameters for all variants
Added Component: Designator=C11(0603P)
Add component. Clean all parameters for all variants
Added Component: Designator=C12(0603P)
Add component. Clean all parameters for all variants
Added Component: Designator=C13(0603P)
Add component. Clean all parameters for all variants
Added Component: Designator=C14(0603P)
Add component. Clean all parameters for all variants
Added Component: Designator=CAN1(HEAD2L-0.8)
Add component. Clean all parameters for all variants
Added Component: Designator=Diode(LC-SOD-123F)
Add component. Clean all parameters for all variants
Added Component: Designator=DS1(0603_LED)
Add component. Clean all parameters for all variants
Add component (AddParameter): Name = "LatestRevisionDate"; Value = "17-Jul-2002"; VariantName = "[No Variations]"
Add component (AddParameter): Name = "LatestRevisionNote"; Value = "Re-released for DXP Platform."; VariantName = "[No Variations]"
Add component (AddParameter): Name = "PackageDocument"; Value = "Feb-2002"; VariantName = "[No Variations]"
Add component (AddParameter): Name = "PackageReference"; Value = "3.2X1.6X1.1"; VariantName = "[No Variations]"
Add component (AddParameter): Name = "Published"; Value = "8-Jun-2000"; VariantName = "[No Variations]"
Add component (AddParameter): Name = "Publisher"; Value = "Altium Limited"; VariantName = "[No Variations]"
Added Component: Designator=F1(LC-1812_R)
Add component. Clean all parameters for all variants
Add component (AddParameter): Name = "LatestRevisionDate"; Value = "17-Jul-2002"; VariantName = "[No Variations]"
Add component (AddParameter): Name = "LatestRevisionNote"; Value = "Re-released for DXP Platform."; VariantName = "[No Variations]"
Add component (AddParameter): Name = "PackageDescription"; Value = "Thru-Hole; 2 Leads"; VariantName = "[No Variations]"
Add component (AddParameter): Name = "PackageReference"; Value = "PIN-W2/E2.8"; VariantName = "[No Variations]"
Add component (AddParameter): Name = "Published"; Value = "8-Jun-2000"; VariantName = "[No Variations]"
Add component (AddParameter): Name = "Publisher"; Value = "Altium Limited"; VariantName = "[No Variations]"
Added Component: Designator=G1(GH1.25_1*2_lishi)
Add component. Clean all parameters for all variants
Added Component: Designator=G2(GH1.25_1*2_lishi)
Add component. Clean all parameters for all variants
Added Component: Designator=L1(L_0603)
Add component. Clean all parameters for all variants
Added Component: Designator=L2(0603P)
Add component. Clean all parameters for all variants
Added Component: Designator=P1(LC-SOT-23(SOT-23-3))
Add component. Clean all parameters for all variants
Added Component: Designator=P2(LC-SOT-23(SOT-23-3))
Add component. Clean all parameters for all variants
Added Component: Designator=P3(LC-SOT-23(SOT-23-3))
Add component. Clean all parameters for all variants
Added Component: Designator=POWER-2.54(XH2.54-2)
Add component. Clean all parameters for all variants
Added Component: Designator=R1(0603P)
Add component. Clean all parameters for all variants
Added Component: Designator=R2(0603P)
Add component. Clean all parameters for all variants
Added Component: Designator=R3(0603P)
Add component. Clean all parameters for all variants
Added Component: Designator=R4(0603P)
Add component. Clean all parameters for all variants
Added Component: Designator=R5(0603P)
Add component. Clean all parameters for all variants
Added Component: Designator=R6(0603P)
Add component. Clean all parameters for all variants
Added Component: Designator=R7(0603P)
Add component. Clean all parameters for all variants
Added Component: Designator=R8(0603P)
Add component. Clean all parameters for all variants
Added Component: Designator=R9(0603P)
Add component. Clean all parameters for all variants
Added Component: Designator=R10(0603P)
Add component. Clean all parameters for all variants
Added Component: Designator=R11(0603P)
Add component. Clean all parameters for all variants
Added Component: Designator=R12(0603P)
Add component. Clean all parameters for all variants
Added Component: Designator=R13(0603P)
Add component. Clean all parameters for all variants
Added Component: Designator=R14(0603P)
Add component. Clean all parameters for all variants
Added Component: Designator=R15(0603P)
Add component. Clean all parameters for all variants
Added Component: Designator=R16(0603P)
Add component. Clean all parameters for all variants
Added Component: Designator=R17(0603P)
Add component. Clean all parameters for all variants
Added Component: Designator=R18(0603P)
Add component. Clean all parameters for all variants
Added Component: Designator=RESET1(KEY_M)
Add component. Clean all parameters for all variants
Added Component: Designator=S1(◊‘À¯ø™πÿ5.8*5.8)
Add component. Clean all parameters for all variants
Added Component: Designator=S2(KF2EDG-3.81-3P-Õ‰’Î)
Add component. Clean all parameters for all variants
Added Component: Designator=S3(KF2EDG-3.81-3P-Õ‰’Î)
Add component. Clean all parameters for all variants
Added Component: Designator=S4(KF2EDG-3.81-3P-Õ‰’Î)
Add component. Clean all parameters for all variants
Added Component: Designator=S5(KF2EDG-3.81-3P-Õ‰’Î)
Add component. Clean all parameters for all variants
Added Component: Designator=S6(KF2EDG-3.81-3P-Õ‰’Î)
Add component. Clean all parameters for all variants
Added Component: Designator=S7(KF2EDG-3.81-3P-Õ‰’Î)
Add component. Clean all parameters for all variants
Added Component: Designator=U1(XH2.54-4)
Add component. Clean all parameters for all variants
Added Component: Designator=U2(XH2.54-4)
Add component. Clean all parameters for all variants
Added Component: Designator=U3(XH2.54-4)
Add component. Clean all parameters for all variants
Added Component: Designator=U4(LQFP-48_7x7x05P)
Add component. Clean all parameters for all variants
Added Component: Designator=U5(XH2.54-4)
Add component. Clean all parameters for all variants
Added Component: Designator=U6(SOP8)
Add component. Clean all parameters for all variants
Added Component: Designator=U7(XH2.54-4)
Add component. Clean all parameters for all variants
Added Component: Designator=U8(XH2.54-4)
Add component. Clean all parameters for all variants
Added Component: Designator=U9(XH2.54-4)
Add component. Clean all parameters for all variants
Added Component: Designator=U10(SOT223)
Add component. Clean all parameters for all variants
Added Component: Designator=Y1(XTAL3225   Œﬁ‘¥)
Add component. Clean all parameters for all variants
Added Pin To Net: NetName=1 Pin=P1-3
Added Pin To Net: NetName=1 Pin=U4-25
Added Net: Name=1
Added Pin To Net: NetName=2 Pin=P2-3
Added Pin To Net: NetName=2 Pin=U4-26
Added Net: Name=2
Added Pin To Net: NetName=3 Pin=P3-3
Added Pin To Net: NetName=3 Pin=U4-27
Added Net: Name=3
Added Pin To Net: NetName=3V3_MCU Pin=C1-1
Added Pin To Net: NetName=3V3_MCU Pin=C2-1
Added Pin To Net: NetName=3V3_MCU Pin=C4-2
Added Pin To Net: NetName=3V3_MCU Pin=C8-1
Added Pin To Net: NetName=3V3_MCU Pin=C9-1
Added Pin To Net: NetName=3V3_MCU Pin=C10-2
Added Pin To Net: NetName=3V3_MCU Pin=F1-2
Added Pin To Net: NetName=3V3_MCU Pin=R9-1
Added Pin To Net: NetName=3V3_MCU Pin=U4-1
Added Pin To Net: NetName=3V3_MCU Pin=U4-9
Added Pin To Net: NetName=3V3_MCU Pin=U4-24
Added Pin To Net: NetName=3V3_MCU Pin=U4-36
Added Pin To Net: NetName=3V3_MCU Pin=U4-48
Added Net: Name=3V3_MCU
Added Pin To Net: NetName=3V3 Pin=C11-2
Added Pin To Net: NetName=3V3 Pin=C12-2
Added Pin To Net: NetName=3V3 Pin=L1-2
Added Pin To Net: NetName=3V3 Pin=P1-2
Added Pin To Net: NetName=3V3 Pin=P2-2
Added Pin To Net: NetName=3V3 Pin=P3-2
Added Pin To Net: NetName=3V3 Pin=R15-2
Added Pin To Net: NetName=3V3 Pin=U1-1
Added Pin To Net: NetName=3V3 Pin=U3-1
Added Pin To Net: NetName=3V3 Pin=U8-1
Added Pin To Net: NetName=3V3 Pin=U10-2
Added Pin To Net: NetName=3V3 Pin=U10-4
Added Net: Name=3V3
Added Pin To Net: NetName=5V Pin=C13-2
Added Pin To Net: NetName=5V Pin=C14-2
Added Pin To Net: NetName=5V Pin=Diode-1
Added Pin To Net: NetName=5V Pin=L2-2
Added Pin To Net: NetName=5V Pin=R1-1
Added Pin To Net: NetName=5V Pin=R3-1
Added Pin To Net: NetName=5V Pin=R6-1
Added Pin To Net: NetName=5V Pin=R8-1
Added Pin To Net: NetName=5V Pin=R11-1
Added Pin To Net: NetName=5V Pin=R12-1
Added Pin To Net: NetName=5V Pin=S1-4
Added Pin To Net: NetName=5V Pin=S1-5
Added Pin To Net: NetName=5V Pin=S2-1
Added Pin To Net: NetName=5V Pin=S3-1
Added Pin To Net: NetName=5V Pin=S4-1
Added Pin To Net: NetName=5V Pin=S5-1
Added Pin To Net: NetName=5V Pin=S6-1
Added Pin To Net: NetName=5V Pin=S7-1
Added Pin To Net: NetName=5V Pin=U2-1
Added Pin To Net: NetName=5V Pin=U5-1
Added Pin To Net: NetName=5V Pin=U7-1
Added Net: Name=5V
Added Pin To Net: NetName=CAN1_H Pin=CAN1-2
Added Pin To Net: NetName=CAN1_H Pin=G1-2
Added Pin To Net: NetName=CAN1_H Pin=G2-2
Added Pin To Net: NetName=CAN1_H Pin=R10-2
Added Pin To Net: NetName=CAN1_H Pin=U6-7
Added Net: Name=CAN1_H
Added Pin To Net: NetName=CAN1_L Pin=CAN1-1
Added Pin To Net: NetName=CAN1_L Pin=G1-1
Added Pin To Net: NetName=CAN1_L Pin=G2-1
Added Pin To Net: NetName=CAN1_L Pin=R10-1
Added Pin To Net: NetName=CAN1_L Pin=U6-6
Added Net: Name=CAN1_L
Added Pin To Net: NetName=CAN RX Pin=U4-32
Added Pin To Net: NetName=CAN RX Pin=U6-4
Added Net: Name=CAN RX
Added Pin To Net: NetName=CAN TX Pin=U4-33
Added Pin To Net: NetName=CAN TX Pin=U6-1
Added Net: Name=CAN TX
Added Pin To Net: NetName=GND Pin=C1-2
Added Pin To Net: NetName=GND Pin=C2-2
Added Pin To Net: NetName=GND Pin=C3-2
Added Pin To Net: NetName=GND Pin=C4-1
Added Pin To Net: NetName=GND Pin=C5-2
Added Pin To Net: NetName=GND Pin=C6-2
Added Pin To Net: NetName=GND Pin=C7-1
Added Pin To Net: NetName=GND Pin=C8-2
Added Pin To Net: NetName=GND Pin=C9-2
Added Pin To Net: NetName=GND Pin=C10-1
Added Pin To Net: NetName=GND Pin=C11-1
Added Pin To Net: NetName=GND Pin=C12-1
Added Pin To Net: NetName=GND Pin=C13-1
Added Pin To Net: NetName=GND Pin=C14-1
Added Pin To Net: NetName=GND Pin=DS1-2
Added Pin To Net: NetName=GND Pin=POWER-2.54-2
Added Pin To Net: NetName=GND Pin=R2-1
Added Pin To Net: NetName=GND Pin=RESET1-2
Added Pin To Net: NetName=GND Pin=RESET1-2
Added Pin To Net: NetName=GND Pin=S1-3
Added Pin To Net: NetName=GND Pin=S1-6
Added Pin To Net: NetName=GND Pin=S2-2
Added Pin To Net: NetName=GND Pin=S3-2
Added Pin To Net: NetName=GND Pin=S4-2
Added Pin To Net: NetName=GND Pin=S5-2
Added Pin To Net: NetName=GND Pin=S6-2
Added Pin To Net: NetName=GND Pin=S7-2
Added Pin To Net: NetName=GND Pin=U1-2
Added Pin To Net: NetName=GND Pin=U2-2
Added Pin To Net: NetName=GND Pin=U3-2
Added Pin To Net: NetName=GND Pin=U4-8
Added Pin To Net: NetName=GND Pin=U4-23
Added Pin To Net: NetName=GND Pin=U4-35
Added Pin To Net: NetName=GND Pin=U4-47
Added Pin To Net: NetName=GND Pin=U5-2
Added Pin To Net: NetName=GND Pin=U6-2
Added Pin To Net: NetName=GND Pin=U6-8
Added Pin To Net: NetName=GND Pin=U7-2
Added Pin To Net: NetName=GND Pin=U8-2
Added Pin To Net: NetName=GND Pin=U9-2
Added Pin To Net: NetName=GND Pin=U10-1
Added Pin To Net: NetName=GND Pin=Y1-2
Added Pin To Net: NetName=GND Pin=Y1-4
Added Net: Name=GND
Added Pin To Net: NetName=IN1 Pin=R18-1
Added Pin To Net: NetName=IN1 Pin=S2-3
Added Pin To Net: NetName=IN1 Pin=S3-3
Added Net: Name=IN1
Added Pin To Net: NetName=IN2 Pin=R16-1
Added Pin To Net: NetName=IN2 Pin=S4-3
Added Pin To Net: NetName=IN2 Pin=S5-3
Added Net: Name=IN2
Added Pin To Net: NetName=IN3 Pin=R17-1
Added Pin To Net: NetName=IN3 Pin=S6-3
Added Pin To Net: NetName=IN3 Pin=S7-3
Added Net: Name=IN3
Added Pin To Net: NetName=NetC3_1 Pin=C3-1
Added Pin To Net: NetName=NetC3_1 Pin=R7-1
Added Pin To Net: NetName=NetC3_1 Pin=U4-5
Added Pin To Net: NetName=NetC3_1 Pin=Y1-1
Added Net: Name=NetC3_1
Added Pin To Net: NetName=NetC5_1 Pin=C5-1
Added Pin To Net: NetName=NetC5_1 Pin=R7-2
Added Pin To Net: NetName=NetC5_1 Pin=U4-6
Added Pin To Net: NetName=NetC5_1 Pin=Y1-3
Added Net: Name=NetC5_1
Added Pin To Net: NetName=NetC6_1 Pin=C6-1
Added Pin To Net: NetName=NetC6_1 Pin=L2-1
Added Pin To Net: NetName=NetC6_1 Pin=U6-3
Added Net: Name=NetC6_1
Added Pin To Net: NetName=NetC7_2 Pin=C7-2
Added Pin To Net: NetName=NetC7_2 Pin=R9-2
Added Pin To Net: NetName=NetC7_2 Pin=RESET1-1
Added Pin To Net: NetName=NetC7_2 Pin=RESET1-1
Added Pin To Net: NetName=NetC7_2 Pin=U4-7
Added Net: Name=NetC7_2
Added Pin To Net: NetName=NetDiode_2 Pin=Diode-2
Added Pin To Net: NetName=NetDiode_2 Pin=U10-3
Added Net: Name=NetDiode_2
Added Pin To Net: NetName=NetDS1_1 Pin=DS1-1
Added Pin To Net: NetName=NetDS1_1 Pin=R15-1
Added Net: Name=NetDS1_1
Added Pin To Net: NetName=NetF1_1 Pin=F1-1
Added Pin To Net: NetName=NetF1_1 Pin=L1-1
Added Net: Name=NetF1_1
Added Pin To Net: NetName=NetP1_1 Pin=P1-1
Added Pin To Net: NetName=NetP1_1 Pin=R18-2
Added Net: Name=NetP1_1
Added Pin To Net: NetName=NetP2_1 Pin=P2-1
Added Pin To Net: NetName=NetP2_1 Pin=R16-2
Added Net: Name=NetP2_1
Added Pin To Net: NetName=NetP3_1 Pin=P3-1
Added Pin To Net: NetName=NetP3_1 Pin=R17-2
Added Net: Name=NetP3_1
Added Pin To Net: NetName=NetPOWER-2.54_1 Pin=POWER-2.54-1
Added Pin To Net: NetName=NetPOWER-2.54_1 Pin=S1-1
Added Pin To Net: NetName=NetPOWER-2.54_1 Pin=S1-2
Added Net: Name=NetPOWER-2.54_1
Added Pin To Net: NetName=NetR2_2 Pin=R2-2
Added Pin To Net: NetName=NetR2_2 Pin=U4-44
Added Net: Name=NetR2_2
Added Pin To Net: NetName=NetR4_2 Pin=R4-2
Added Pin To Net: NetName=NetR4_2 Pin=U1-3
Added Net: Name=NetR4_2
Added Pin To Net: NetName=NetR5_2 Pin=R5-2
Added Pin To Net: NetName=NetR5_2 Pin=U1-4
Added Net: Name=NetR5_2
Added Pin To Net: NetName=NetR13_1 Pin=R13-1
Added Pin To Net: NetName=NetR13_1 Pin=R14-1
Added Pin To Net: NetName=NetR13_1 Pin=U9-1
Added Net: Name=NetR13_1
Added Pin To Net: NetName=SWCLK Pin=R5-1
Added Pin To Net: NetName=SWCLK Pin=U4-37
Added Net: Name=SWCLK
Added Pin To Net: NetName=SWDIO Pin=R4-1
Added Pin To Net: NetName=SWDIO Pin=U4-34
Added Net: Name=SWDIO
Added Pin To Net: NetName=TIM1_CH1 Pin=R3-2
Added Pin To Net: NetName=TIM1_CH1 Pin=U2-4
Added Pin To Net: NetName=TIM1_CH1 Pin=U4-29
Added Net: Name=TIM1_CH1
Added Pin To Net: NetName=TIM1_CH2 Pin=R1-2
Added Pin To Net: NetName=TIM1_CH2 Pin=U2-3
Added Pin To Net: NetName=TIM1_CH2 Pin=U4-30
Added Net: Name=TIM1_CH2
Added Pin To Net: NetName=TIM2_CH1 Pin=R14-2
Added Pin To Net: NetName=TIM2_CH1 Pin=U4-10
Added Pin To Net: NetName=TIM2_CH1 Pin=U9-4
Added Net: Name=TIM2_CH1
Added Pin To Net: NetName=TIM2_CH2 Pin=R13-2
Added Pin To Net: NetName=TIM2_CH2 Pin=U4-11
Added Pin To Net: NetName=TIM2_CH2 Pin=U9-3
Added Net: Name=TIM2_CH2
Added Pin To Net: NetName=TIM3_CH1 Pin=R8-2
Added Pin To Net: NetName=TIM3_CH1 Pin=U4-16
Added Pin To Net: NetName=TIM3_CH1 Pin=U5-4
Added Net: Name=TIM3_CH1
Added Pin To Net: NetName=TIM3_CH2 Pin=R6-2
Added Pin To Net: NetName=TIM3_CH2 Pin=U4-17
Added Pin To Net: NetName=TIM3_CH2 Pin=U5-3
Added Net: Name=TIM3_CH2
Added Pin To Net: NetName=TIM4_CH1 Pin=R12-2
Added Pin To Net: NetName=TIM4_CH1 Pin=U4-42
Added Pin To Net: NetName=TIM4_CH1 Pin=U7-4
Added Net: Name=TIM4_CH1
Added Pin To Net: NetName=TIM4_CH2 Pin=R11-2
Added Pin To Net: NetName=TIM4_CH2 Pin=U4-43
Added Pin To Net: NetName=TIM4_CH2 Pin=U7-3
Added Net: Name=TIM4_CH2
Added Pin To Net: NetName=U2_RX Pin=U4-13
Added Pin To Net: NetName=U2_RX Pin=U8-4
Added Net: Name=U2_RX
Added Pin To Net: NetName=U2_TX Pin=U4-12
Added Pin To Net: NetName=U2_TX Pin=U8-3
Added Net: Name=U2_TX
Added Pin To Net: NetName=U3_RX Pin=U3-4
Added Pin To Net: NetName=U3_RX Pin=U4-22
Added Net: Name=U3_RX
Added Pin To Net: NetName=U3_TX Pin=U3-3
Added Pin To Net: NetName=U3_TX Pin=U4-21
Added Net: Name=U3_TX
Added Class: Name=Slave_V1
