Change Component Footprint: Designator=U6 Old Footprint=SOP-8 New Footprint=SOP8
Added Component: Designator=DS1(0603_LED)
Add component. Clean all parameters for all variants
Add component (AddParameter): Name = "LatestRevisionDate"; Value = "17-Jul-2002"; VariantName = "[No Variations]"
Add component (AddParameter): Name = "LatestRevisionNote"; Value = "Re-released for DXP Platform."; VariantName = "[No Variations]"
Add component (AddParameter): Name = "PackageDocument"; Value = "Feb-2002"; VariantName = "[No Variations]"
Add component (AddParameter): Name = "PackageReference"; Value = "3.2X1.6X1.1"; VariantName = "[No Variations]"
Add component (AddParameter): Name = "Published"; Value = "8-Jun-2000"; VariantName = "[No Variations]"
Add component (AddParameter): Name = "Publisher"; Value = "Altium Limited"; VariantName = "[No Variations]"
Added Component: Designator=L1(L_0603)
Add component. Clean all parameters for all variants
Added Component: Designator=U4(LQFP-48_7x7x05P)
Add component. Clean all parameters for all variants
Added Component: Designator=U10(SOT223)
Add component. Clean all parameters for all variants
Added Pin To Net: NetName=NetDS1_1 Pin=DS1-1
Added Pin To Net: NetName=GND Pin=DS1-2
Added Pin To Net: NetName=NetF1_1 Pin=L1-1
Added Pin To Net: NetName=3V3 Pin=L1-2
Added Pin To Net: NetName=3V3_MCU Pin=U4-1
Added Pin To Net: NetName=NetC3_1 Pin=U4-5
Added Pin To Net: NetName=NetC5_1 Pin=U4-6
Added Pin To Net: NetName=NetC7_2 Pin=U4-7
Added Pin To Net: NetName=GND Pin=U4-8
Added Pin To Net: NetName=3V3_MCU Pin=U4-9
Added Pin To Net: NetName=TIM2_CH1 Pin=U4-10
Added Pin To Net: NetName=TIM2_CH2 Pin=U4-11
Added Pin To Net: NetName=U2_TX Pin=U4-12
Added Pin To Net: NetName=U2_RX Pin=U4-13
Added Pin To Net: NetName=TIM3_CH1 Pin=U4-16
Added Pin To Net: NetName=TIM3_CH2 Pin=U4-17
Added Pin To Net: NetName=U3_TX Pin=U4-21
Added Pin To Net: NetName=U3_RX Pin=U4-22
Added Pin To Net: NetName=GND Pin=U4-23
Added Pin To Net: NetName=3V3_MCU Pin=U4-24
Added Pin To Net: NetName=TIM1_CH1 Pin=U4-29
Added Pin To Net: NetName=TIM1_CH2 Pin=U4-30
Added Pin To Net: NetName=CAN RX Pin=U4-32
Added Pin To Net: NetName=CAN TX Pin=U4-33
Added Pin To Net: NetName=SWDIO Pin=U4-34
Added Pin To Net: NetName=GND Pin=U4-35
Added Pin To Net: NetName=3V3_MCU Pin=U4-36
Added Pin To Net: NetName=SWCLK Pin=U4-37
Added Pin To Net: NetName=TIM4_CH1 Pin=U4-42
Added Pin To Net: NetName=TIM4_CH2 Pin=U4-43
Added Pin To Net: NetName=NetR2_2 Pin=U4-44
Added Pin To Net: NetName=GND Pin=U4-47
Added Pin To Net: NetName=3V3_MCU Pin=U4-48
Added Pin To Net: NetName=GND Pin=U10-1
Added Pin To Net: NetName=3V3 Pin=U10-2
Added Pin To Net: NetName=NetDiode_2 Pin=U10-3
Added Pin To Net: NetName=3V3 Pin=U10-4
Added Member To Class: ClassName=Slave_V1 Member=Component DS1 LED1
Added Member To Class: ClassName=Slave_V1 Member=Component L1 220R,2.0A,0.05DCR
Added Member To Class: ClassName=Slave_V1 Member=Component U4 STM32F103C8T6
Added Member To Class: ClassName=Slave_V1 Member=Component U10 AMS1117-3.3
