Removed Pin From Net: NetName=5V Pin=P2-11
Removed Pin From Net: NetName=NetC1_2 Pin=P2-12
Removed Pin From Net: NetName=GND Pin=P2-13
Removed Member From Class: ClassName=En_V1 Member=P2
Added Component: Designator=C1(0603P)
Add component. Clean all parameters for all variants
Added Component: Designator=C2(0603P)
Add component. Clean all parameters for all variants
Added Component: Designator=P1(TSSOP-14)
Add component. Clean all parameters for all variants
Added Component: Designator=U1(XH2.54-4)
Add component. Clean all parameters for all variants
Added Component: Designator=U2(XH2.54-4)
Add component. Clean all parameters for all variants
Added Pin To Net: NetName=GND Pin=C1-1
Added Pin To Net: NetName=NetC1_2 Pin=C1-2
Added Pin To Net: NetName=GND Pin=C2-1
Added Pin To Net: NetName=5V Pin=C2-2
Added Pin To Net: NetName=GND Pin=P1-3
Added Pin To Net: NetName=GND Pin=P1-4
Added Pin To Net: NetName=5V Pin=P1-11
Added Pin To Net: NetName=NetC1_2 Pin=P1-12
Added Pin To Net: NetName=GND Pin=P1-13
Added Pin To Net: NetName=5V Pin=U1-1
Added Pin To Net: NetName=GND Pin=U1-2
Added Pin To Net: NetName=5V Pin=U2-1
Added Pin To Net: NetName=GND Pin=U2-2
Added Pin To Net: NetName=SCL Pin=P1-2
Added Pin To Net: NetName=SCL Pin=U1-3
Added Pin To Net: NetName=SCL Pin=U2-3
Added Net: Name=SCL
Added Pin To Net: NetName=SDA Pin=P1-1
Added Pin To Net: NetName=SDA Pin=U1-4
Added Pin To Net: NetName=SDA Pin=U2-4
Added Net: Name=SDA
Added Member To Class: ClassName=En_V1 Member=Component C1 10uF
Added Member To Class: ClassName=En_V1 Member=Component C2 100nF
Added Member To Class: ClassName=En_V1 Member=Component P1 AS5047P
Added Member To Class: ClassName=En_V1 Member=Component U1 IIC
Added Member To Class: ClassName=En_V1 Member=Component U2 IIC
