Added Component: Designator=L1(0603_LED)
Add component. Clean all parameters for all variants
Add component (AddParameter): Name = "LatestRevisionDate"; Value = "17-Jul-2002"; VariantName = "[No Variations]"
Add component (AddParameter): Name = "LatestRevisionNote"; Value = "Re-released for DXP Platform."; VariantName = "[No Variations]"
Add component (AddParameter): Name = "PackageDocument"; Value = "Feb-2002"; VariantName = "[No Variations]"
Add component (AddParameter): Name = "PackageReference"; Value = "3.2X1.6X1.1"; VariantName = "[No Variations]"
Add component (AddParameter): Name = "Published"; Value = "8-Jun-2000"; VariantName = "[No Variations]"
Add component (AddParameter): Name = "Publisher"; Value = "Altium Limited"; VariantName = "[No Variations]"
Added Component: Designator=R1(0603P)
Add component. Clean all parameters for all variants
Added Pin To Net: NetName=GND Pin=C1-1
Added Pin To Net: NetName=NetC1_2 Pin=C1-2
Added Pin To Net: NetName=GND Pin=C2-1
Added Pin To Net: NetName=5V Pin=C2-2
Added Pin To Net: NetName=GND Pin=L1-2
Added Pin To Net: NetName=SDA Pin=P1-1
Added Pin To Net: NetName=SCL Pin=P1-2
Added Pin To Net: NetName=GND Pin=P1-3
Added Pin To Net: NetName=GND Pin=P1-4
Added Pin To Net: NetName=5V Pin=P1-11
Added Pin To Net: NetName=NetC1_2 Pin=P1-12
Added Pin To Net: NetName=GND Pin=P1-13
Added Pin To Net: NetName=5V Pin=R1-1
Added Pin To Net: NetName=5V Pin=U1-1
Added Pin To Net: NetName=GND Pin=U1-2
Added Pin To Net: NetName=SCL Pin=U1-3
Added Pin To Net: NetName=SDA Pin=U1-4
Added Pin To Net: NetName=5V Pin=U2-1
Added Pin To Net: NetName=GND Pin=U2-2
Added Pin To Net: NetName=SCL Pin=U2-3
Added Pin To Net: NetName=SDA Pin=U2-4
Added Pin To Net: NetName=NetL1_1 Pin=L1-1
Added Pin To Net: NetName=NetL1_1 Pin=R1-2
Added Net: Name=NetL1_1
Added Member To Class: ClassName=En_V1 Member=Component C1 10uF
Added Member To Class: ClassName=En_V1 Member=Component C2 100nF
Added Member To Class: ClassName=En_V1 Member=Component L1 LED1
Added Member To Class: ClassName=En_V1 Member=Component P1 AS5047P
Added Member To Class: ClassName=En_V1 Member=Component R1 1K
Added Member To Class: ClassName=En_V1 Member=Component U1 IIC
Added Member To Class: ClassName=En_V1 Member=Component U2 IIC
