Added Component: Designator=C1(0603P)
Add component. Clean all parameters for all variants
Added Component: Designator=C2(0603P)
Add component. Clean all parameters for all variants
Added Component: Designator=DS?(SMDLED)
Add component. Clean all parameters for all variants
Add component (AddParameter): Name = "LatestRevisionDate"; Value = "17-Jul-2002"; VariantName = "[No Variations]"
Add component (AddParameter): Name = "LatestRevisionNote"; Value = "Re-released for DXP Platform."; VariantName = "[No Variations]"
Add component (AddParameter): Name = "PackageDocument"; Value = "Feb-2002"; VariantName = "[No Variations]"
Add component (AddParameter): Name = "PackageReference"; Value = "3.2X1.6X1.1"; VariantName = "[No Variations]"
Add component (AddParameter): Name = "Published"; Value = "8-Jun-2000"; VariantName = "[No Variations]"
Add component (AddParameter): Name = "Publisher"; Value = "Altium Limited"; VariantName = "[No Variations]"
Added Component: Designator=P1(XH2.54_5P÷±’Î)
Add component. Clean all parameters for all variants
Add component (AddParameter): Name = "LatestRevisionDate"; Value = "17-Jul-2002"; VariantName = "[No Variations]"
Add component (AddParameter): Name = "LatestRevisionNote"; Value = "Re-released for DXP Platform."; VariantName = "[No Variations]"
Add component (AddParameter): Name = "Publisher"; Value = "Altium Limited"; VariantName = "[No Variations]"
Added Component: Designator=P2(TSSOP-14)
Add component. Clean all parameters for all variants
Added Component: Designator=R1(0603P)
Add component. Clean all parameters for all variants
Added Pin To Net: NetName=5V Pin=C2-2
Added Pin To Net: NetName=5V Pin=P1-1
Added Pin To Net: NetName=5V Pin=P2-11
Added Pin To Net: NetName=5V Pin=R1-1
Added Net: Name=5V
Added Pin To Net: NetName=A Pin=P1-2
Added Pin To Net: NetName=A Pin=P2-6
Added Net: Name=A
Added Pin To Net: NetName=B Pin=P1-3
Added Pin To Net: NetName=B Pin=P2-7
Added Net: Name=B
Added Pin To Net: NetName=GND Pin=C1-1
Added Pin To Net: NetName=GND Pin=C2-1
Added Pin To Net: NetName=GND Pin=DS?-2
Added Pin To Net: NetName=GND Pin=P1-5
Added Pin To Net: NetName=GND Pin=P2-13
Added Net: Name=GND
Added Pin To Net: NetName=I Pin=P1-4
Added Pin To Net: NetName=I Pin=P2-14
Added Net: Name=I
Added Pin To Net: NetName=NetC1_2 Pin=C1-2
Added Pin To Net: NetName=NetC1_2 Pin=P2-12
Added Net: Name=NetC1_2
Added Pin To Net: NetName=NetDS?_1 Pin=DS?-1
Added Pin To Net: NetName=NetDS?_1 Pin=R1-2
Added Net: Name=NetDS?_1
Added Class: Name=En_V1
